-------------------------------------------------------------------------------
Test set: ru.netology.RadioTest
-------------------------------------------------------------------------------
Tests run: 6, Failures: 1, Errors: 0, Skipped: 0, Time elapsed: 0.036 s <<< FAILURE! - in ru.netology.RadioTest
shouldNextEndRadioStation  Time elapsed: 0.016 s  <<< FAILURE!
org.opentest4j.AssertionFailedError: expected: <0> but was: <9>
	at ru.netology.RadioTest.shouldNextEndRadioStation(RadioTest.java:58)

